<?xml version="1.0" encoding="UTF-8"?>
<!-- Generated by org.testng.reporters.JUnitReportReporter -->
<testsuite hostname="LAPTOP-RR5TTN10" failures="0" tests="1" name="loginjava.LoginUsingSelenium" time="21.290" errors="0" timestamp="20 Jun 2021 16:05:15 GMT" skipped="0">
  <testcase classname="loginjava.LoginUsingSelenium" name="loginSuccess" time="21.290"/>
</testsuite> <!-- loginjava.LoginUsingSelenium -->
