<?xml version="1.0" encoding="UTF-8"?>
<!-- Generated by org.testng.reporters.JUnitReportReporter -->
<testsuite hostname="LAPTOP-RR5TTN10" failures="0" tests="1" name="laporan.LaporanDataIbuHamil" time="13.269" errors="0" timestamp="22 Jun 2021 01:16:44 GMT" skipped="0">
  <testcase classname="laporan.LaporanDataIbuHamil" name="data_ibu_hamil_Success" time="13.269"/>
</testsuite> <!-- laporan.LaporanDataIbuHamil -->
