<?xml version="1.0" encoding="UTF-8"?>
<!-- Generated by org.testng.reporters.JUnitReportReporter -->
<testsuite hostname="LAPTOP-RR5TTN10" failures="0" tests="1" name="laporan.LaporanPersalinanNifas" time="11.724" errors="0" timestamp="20 Jun 2021 16:33:23 GMT" skipped="0">
  <testcase classname="laporan.LaporanPersalinanNifas" name="persalinanSuccess" time="11.724"/>
</testsuite> <!-- laporan.LaporanPersalinanNifas -->
