<?xml version="1.0" encoding="UTF-8"?>
<!-- Generated by org.testng.reporters.JUnitReportReporter -->
<testsuite hostname="LAPTOP-RR5TTN10" failures="0" tests="1" name="profil.ProfileSumberDayaManusia" time="35.558" errors="0" timestamp="21 Jun 2021 10:11:21 GMT" skipped="0">
  <testcase classname="profil.ProfileSumberDayaManusia" name="profilesumberdayamanusiaSuccess" time="35.558"/>
</testsuite> <!-- profil.ProfileSumberDayaManusia -->
