<?xml version="1.0" encoding="UTF-8"?>
<!-- Generated by org.testng.reporters.JUnitReportReporter -->
<testsuite hostname="LAPTOP-RR5TTN10" failures="0" tests="1" name="logout.LogoutAplikasi" time="13.759" errors="0" timestamp="21 Jun 2021 10:59:47 GMT" skipped="0">
  <testcase classname="logout.LogoutAplikasi" name="profilesumberdayamanusiaSuccess" time="13.759"/>
</testsuite> <!-- logout.LogoutAplikasi -->
